{
  "stats": {
    "suites": 1,
    "tests": 2,
    "passes": 0,
    "pending": 0,
    "failures": 2,
    "start": "2023-12-26T15:09:49.113Z",
    "end": "2023-12-26T15:09:50.017Z",
    "duration": 904,
    "testsRegistered": 2,
    "passPercent": 0,
    "pendingPercent": 0,
    "other": 0,
    "hasOther": false,
    "skipped": 0,
    "hasSkipped": false
  },
  "results": [
    {
      "uuid": "171d378e-c0b1-4443-9dd9-4eb349f660ed",
      "title": "",
      "fullFile": "cypress\\e2e\\API_TESTING\\users\\deleteUser.cy.js",
      "file": "cypress\\e2e\\API_TESTING\\users\\deleteUser.cy.js",
      "beforeHooks": [],
      "afterHooks": [],
      "tests": [],
      "suites": [
        {
          "uuid": "c0b32dd0-57f1-4f08-9279-25ba98bc7b7c",
          "title": "Delete user",
          "fullFile": "",
          "file": "",
          "beforeHooks": [],
          "afterHooks": [],
          "tests": [
            {
              "title": "This can only be done by the logged in user.",
              "fullTitle": "Delete user This can only be done by the logged in user.",
              "timedOut": null,
              "duration": 297,
              "state": "failed",
              "speed": null,
              "pass": false,
              "fail": true,
              "pending": false,
              "context": null,
              "code": "cy.fixture('400___deleteUser').then(fixtureResponse => {\n  requestInfo.body = fixtureResponse.payload ? fixtureResponse.payload : '';\n  requestInfo.headers = fixtureResponse.headers ? fixtureResponse.headers : '';\n  let pathParams = fixtureResponse.pathParam ? fixtureResponse.pathParam : '';\n  for (const key in pathParams) {\n    if (pathParams.hasOwnProperty(key)) {\n      const placeholder = '{' + key + '}';\n      requestInfo.url = requestInfo.url.replace(new RegExp(placeholder, 'g'), pathParams[key]);\n    }\n  }\n  cy.request(requestInfo).then(response => {\n    expect(response.status).to.eq(parseInt(fixtureResponse.responseStatusCode));\n    if (fixtureResponse.responseSchema && fixtureResponse.responseSchema != '') {\n      const validate = ajv.compile(fixtureResponse.responseSchema);\n      const isValid = validate(response.body);\n      expect(isValid).to.be.true;\n    }\n  });\n});",
              "err": {
                "message": "CypressError: `cy.request()` failed on:\n\nhttps://petstore.swagger.io/v2/user/shivasai123\n\nThe response we received from your web server was:\n\n  > 404: Not Found\n\nThis was considered a failure because the status code was not `2xx` or `3xx`.\n\nIf you do not want status codes to cause failures pass the option: `failOnStatusCode: false`\n\n-----------------------------------------------------------\n\nThe request we sent was:\n\nMethod: DELETE\nURL: https://petstore.swagger.io/v2/user/shivasai123\nHeaders: {\n  \"Connection\": \"keep-alive\",\n  \"header\": \"\",\n  \"user-agent\": \"Mozilla/5.0 (Windows NT 10.0; Win64; x64) AppleWebKit/537.36 (KHTML, like Gecko) Cypress/13.6.1 Chrome/114.0.5735.289 Electron/25.8.4 Safari/537.36\",\n  \"accept\": \"*/*\",\n  \"accept-encoding\": \"gzip, deflate\",\n  \"content-length\": 0\n}\nBody: \n\n-----------------------------------------------------------\n\nThe response we got was:\n\nStatus: 404 - Not Found\nHeaders: {\n  \"date\": \"Tue, 26 Dec 2023 15:09:49 GMT\",\n  \"content-length\": \"0\",\n  \"connection\": \"keep-alive\",\n  \"access-control-allow-origin\": \"*\",\n  \"access-control-allow-methods\": \"GET, POST, DELETE, PUT\",\n  \"access-control-allow-headers\": \"Content-Type, api_key, Authorization\",\n  \"server\": \"Jetty(9.2.9.v20150224)\"\n}\nBody: \n\n\nhttps://on.cypress.io/request",
                "estack": "CypressError: `cy.request()` failed on:\n\nhttps://petstore.swagger.io/v2/user/shivasai123\n\nThe response we received from your web server was:\n\n  > 404: Not Found\n\nThis was considered a failure because the status code was not `2xx` or `3xx`.\n\nIf you do not want status codes to cause failures pass the option: `failOnStatusCode: false`\n\n-----------------------------------------------------------\n\nThe request we sent was:\n\nMethod: DELETE\nURL: https://petstore.swagger.io/v2/user/shivasai123\nHeaders: {\n  \"Connection\": \"keep-alive\",\n  \"header\": \"\",\n  \"user-agent\": \"Mozilla/5.0 (Windows NT 10.0; Win64; x64) AppleWebKit/537.36 (KHTML, like Gecko) Cypress/13.6.1 Chrome/114.0.5735.289 Electron/25.8.4 Safari/537.36\",\n  \"accept\": \"*/*\",\n  \"accept-encoding\": \"gzip, deflate\",\n  \"content-length\": 0\n}\nBody: \n\n-----------------------------------------------------------\n\nThe response we got was:\n\nStatus: 404 - Not Found\nHeaders: {\n  \"date\": \"Tue, 26 Dec 2023 15:09:49 GMT\",\n  \"content-length\": \"0\",\n  \"connection\": \"keep-alive\",\n  \"access-control-allow-origin\": \"*\",\n  \"access-control-allow-methods\": \"GET, POST, DELETE, PUT\",\n  \"access-control-allow-headers\": \"Content-Type, api_key, Authorization\",\n  \"server\": \"Jetty(9.2.9.v20150224)\"\n}\nBody: \n\n\nhttps://on.cypress.io/request\n    at <unknown> (http://localhost:53272/__cypress/runner/cypress_runner.js:133450:72)\n    at tryCatcher (http://localhost:53272/__cypress/runner/cypress_runner.js:1807:23)\n    at Promise._settlePromiseFromHandler (http://localhost:53272/__cypress/runner/cypress_runner.js:1519:31)\n    at Promise._settlePromise (http://localhost:53272/__cypress/runner/cypress_runner.js:1576:18)\n    at Promise._settlePromise0 (http://localhost:53272/__cypress/runner/cypress_runner.js:1621:10)\n    at Promise._settlePromises (http://localhost:53272/__cypress/runner/cypress_runner.js:1701:18)\n    at _drainQueueStep (http://localhost:53272/__cypress/runner/cypress_runner.js:2407:12)\n    at _drainQueue (http://localhost:53272/__cypress/runner/cypress_runner.js:2400:9)\n    at Async._drainQueues (http://localhost:53272/__cypress/runner/cypress_runner.js:2416:5)\n    at Async.drainQueues (http://localhost:53272/__cypress/runner/cypress_runner.js:2286:14)\nFrom Your Spec Code:\n    at Context.eval (webpack://cypress-test-4/./cypress/e2e/API_TESTING/users/deleteUser.cy.js:31:15)",
                "diff": null
              },
              "uuid": "2207e4ce-0973-4922-aac3-744d35865686",
              "parentUUID": "c0b32dd0-57f1-4f08-9279-25ba98bc7b7c",
              "isHook": false,
              "skipped": false
            },
            {
              "title": "This can only be done by the logged in user.",
              "fullTitle": "Delete user This can only be done by the logged in user.",
              "timedOut": null,
              "duration": 309,
              "state": "failed",
              "speed": null,
              "pass": false,
              "fail": true,
              "pending": false,
              "context": null,
              "code": "cy.fixture('404___deleteUser').then(fixtureResponse => {\n  requestInfo.body = fixtureResponse.payload ? fixtureResponse.payload : '';\n  requestInfo.headers = fixtureResponse.headers ? fixtureResponse.headers : '';\n  let pathParams = fixtureResponse.pathParam ? fixtureResponse.pathParam : '';\n  for (const key in pathParams) {\n    if (pathParams.hasOwnProperty(key)) {\n      const placeholder = '{' + key + '}';\n      requestInfo.url = requestInfo.url.replace(new RegExp(placeholder, 'g'), pathParams[key]);\n    }\n  }\n  cy.request(requestInfo).then(response => {\n    expect(response.status).to.eq(parseInt(fixtureResponse.responseStatusCode));\n    if (fixtureResponse.responseSchema && fixtureResponse.responseSchema != '') {\n      const validate = ajv.compile(fixtureResponse.responseSchema);\n      const isValid = validate(response.body);\n      expect(isValid).to.be.true;\n    }\n  });\n});",
              "err": {
                "message": "CypressError: `cy.request()` failed on:\n\nhttps://petstore.swagger.io/v2/user/shivasai123\n\nThe response we received from your web server was:\n\n  > 404: Not Found\n\nThis was considered a failure because the status code was not `2xx` or `3xx`.\n\nIf you do not want status codes to cause failures pass the option: `failOnStatusCode: false`\n\n-----------------------------------------------------------\n\nThe request we sent was:\n\nMethod: DELETE\nURL: https://petstore.swagger.io/v2/user/shivasai123\nHeaders: {\n  \"Connection\": \"keep-alive\",\n  \"header\": \"\",\n  \"user-agent\": \"Mozilla/5.0 (Windows NT 10.0; Win64; x64) AppleWebKit/537.36 (KHTML, like Gecko) Cypress/13.6.1 Chrome/114.0.5735.289 Electron/25.8.4 Safari/537.36\",\n  \"accept\": \"*/*\",\n  \"accept-encoding\": \"gzip, deflate\",\n  \"content-length\": 0\n}\nBody: \n\n-----------------------------------------------------------\n\nThe response we got was:\n\nStatus: 404 - Not Found\nHeaders: {\n  \"date\": \"Tue, 26 Dec 2023 15:09:49 GMT\",\n  \"content-length\": \"0\",\n  \"connection\": \"keep-alive\",\n  \"access-control-allow-origin\": \"*\",\n  \"access-control-allow-methods\": \"GET, POST, DELETE, PUT\",\n  \"access-control-allow-headers\": \"Content-Type, api_key, Authorization\",\n  \"server\": \"Jetty(9.2.9.v20150224)\"\n}\nBody: \n\n\nhttps://on.cypress.io/request",
                "estack": "CypressError: `cy.request()` failed on:\n\nhttps://petstore.swagger.io/v2/user/shivasai123\n\nThe response we received from your web server was:\n\n  > 404: Not Found\n\nThis was considered a failure because the status code was not `2xx` or `3xx`.\n\nIf you do not want status codes to cause failures pass the option: `failOnStatusCode: false`\n\n-----------------------------------------------------------\n\nThe request we sent was:\n\nMethod: DELETE\nURL: https://petstore.swagger.io/v2/user/shivasai123\nHeaders: {\n  \"Connection\": \"keep-alive\",\n  \"header\": \"\",\n  \"user-agent\": \"Mozilla/5.0 (Windows NT 10.0; Win64; x64) AppleWebKit/537.36 (KHTML, like Gecko) Cypress/13.6.1 Chrome/114.0.5735.289 Electron/25.8.4 Safari/537.36\",\n  \"accept\": \"*/*\",\n  \"accept-encoding\": \"gzip, deflate\",\n  \"content-length\": 0\n}\nBody: \n\n-----------------------------------------------------------\n\nThe response we got was:\n\nStatus: 404 - Not Found\nHeaders: {\n  \"date\": \"Tue, 26 Dec 2023 15:09:49 GMT\",\n  \"content-length\": \"0\",\n  \"connection\": \"keep-alive\",\n  \"access-control-allow-origin\": \"*\",\n  \"access-control-allow-methods\": \"GET, POST, DELETE, PUT\",\n  \"access-control-allow-headers\": \"Content-Type, api_key, Authorization\",\n  \"server\": \"Jetty(9.2.9.v20150224)\"\n}\nBody: \n\n\nhttps://on.cypress.io/request\n    at <unknown> (http://localhost:53272/__cypress/runner/cypress_runner.js:133450:72)\n    at tryCatcher (http://localhost:53272/__cypress/runner/cypress_runner.js:1807:23)\n    at Promise._settlePromiseFromHandler (http://localhost:53272/__cypress/runner/cypress_runner.js:1519:31)\n    at Promise._settlePromise (http://localhost:53272/__cypress/runner/cypress_runner.js:1576:18)\n    at Promise._settlePromise0 (http://localhost:53272/__cypress/runner/cypress_runner.js:1621:10)\n    at Promise._settlePromises (http://localhost:53272/__cypress/runner/cypress_runner.js:1701:18)\n    at _drainQueueStep (http://localhost:53272/__cypress/runner/cypress_runner.js:2407:12)\n    at _drainQueue (http://localhost:53272/__cypress/runner/cypress_runner.js:2400:9)\n    at Async._drainQueues (http://localhost:53272/__cypress/runner/cypress_runner.js:2416:5)\n    at Async.drainQueues (http://localhost:53272/__cypress/runner/cypress_runner.js:2286:14)\nFrom Your Spec Code:\n    at Context.eval (webpack://cypress-test-4/./cypress/e2e/API_TESTING/users/deleteUser.cy.js:69:15)",
                "diff": null
              },
              "uuid": "d76b22f1-a386-4629-baf1-3cdec0ef0ef1",
              "parentUUID": "c0b32dd0-57f1-4f08-9279-25ba98bc7b7c",
              "isHook": false,
              "skipped": false
            }
          ],
          "suites": [],
          "passes": [],
          "failures": [
            "2207e4ce-0973-4922-aac3-744d35865686",
            "d76b22f1-a386-4629-baf1-3cdec0ef0ef1"
          ],
          "pending": [],
          "skipped": [],
          "duration": 606,
          "root": false,
          "rootEmpty": false,
          "_timeout": 2000
        }
      ],
      "passes": [],
      "failures": [],
      "pending": [],
      "skipped": [],
      "duration": 0,
      "root": true,
      "rootEmpty": true,
      "_timeout": 2000
    }
  ],
  "meta": {
    "mocha": {
      "version": "7.0.1"
    },
    "mochawesome": {
      "options": {
        "quiet": false,
        "reportFilename": "mochawesome",
        "saveHtml": false,
        "saveJson": true,
        "consoleReporter": "spec",
        "useInlineDiffs": false,
        "code": true
      },
      "version": "7.1.3"
    },
    "marge": {
      "options": {
        "reportDir": "results",
        "overwrite": false,
        "html": false,
        "json": true
      },
      "version": "6.2.0"
    }
  }
}