{
  "stats": {
    "suites": 1,
    "tests": 1,
    "passes": 1,
    "pending": 0,
    "failures": 0,
    "start": "2023-12-26T15:09:15.580Z",
    "end": "2023-12-26T15:09:16.019Z",
    "duration": 439,
    "testsRegistered": 1,
    "passPercent": 100,
    "pendingPercent": 0,
    "other": 0,
    "hasOther": false,
    "skipped": 0,
    "hasSkipped": false
  },
  "results": [
    {
      "uuid": "9f873d73-c920-49b5-af81-62932d1c67c3",
      "title": "",
      "fullFile": "cypress\\e2e\\API_TESTING\\pets\\updatePet.cy.js",
      "file": "cypress\\e2e\\API_TESTING\\pets\\updatePet.cy.js",
      "beforeHooks": [],
      "afterHooks": [],
      "tests": [],
      "suites": [
        {
          "uuid": "df81de2c-3a90-4768-a79e-9b3d1beed7e0",
          "title": "Update an existing pet",
          "fullFile": "",
          "file": "",
          "beforeHooks": [],
          "afterHooks": [],
          "tests": [
            {
              "title": "/pet",
              "fullTitle": "Update an existing pet /pet",
              "timedOut": null,
              "duration": 379,
              "state": "passed",
              "speed": "fast",
              "pass": true,
              "fail": false,
              "pending": false,
              "context": null,
              "code": "cy.fixture('200_application_json_application_json_updatePet').then(fixtureResponse => {\n  requestInfo.headers = fixtureResponse.headers ? fixtureResponse.headers : '';\n  requestInfo.body = fixtureResponse.payload ? fixtureResponse.payload : '';\n  cy.request(requestInfo).then(response => {\n    expect(response.status).to.eq(parseInt(fixtureResponse.responseStatusCode));\n    if (fixtureResponse.responseSchema && fixtureResponse.responseSchema != '') {\n      const validate = ajv.compile(fixtureResponse.responseSchema);\n      const isValid = validate(response.body);\n      expect(isValid).to.be.true;\n    }\n  });\n});",
              "err": {},
              "uuid": "ae2a844d-1373-4b58-b8e7-f75cbae751ca",
              "parentUUID": "df81de2c-3a90-4768-a79e-9b3d1beed7e0",
              "isHook": false,
              "skipped": false
            }
          ],
          "suites": [],
          "passes": [
            "ae2a844d-1373-4b58-b8e7-f75cbae751ca"
          ],
          "failures": [],
          "pending": [],
          "skipped": [],
          "duration": 379,
          "root": false,
          "rootEmpty": false,
          "_timeout": 2000
        }
      ],
      "passes": [],
      "failures": [],
      "pending": [],
      "skipped": [],
      "duration": 0,
      "root": true,
      "rootEmpty": true,
      "_timeout": 2000
    }
  ],
  "meta": {
    "mocha": {
      "version": "7.0.1"
    },
    "mochawesome": {
      "options": {
        "quiet": false,
        "reportFilename": "mochawesome",
        "saveHtml": false,
        "saveJson": true,
        "consoleReporter": "spec",
        "useInlineDiffs": false,
        "code": true
      },
      "version": "7.1.3"
    },
    "marge": {
      "options": {
        "reportDir": "results",
        "overwrite": false,
        "html": false,
        "json": true
      },
      "version": "6.2.0"
    }
  }
}