{
  "stats": {
    "suites": 1,
    "tests": 3,
    "passes": 2,
    "pending": 0,
    "failures": 1,
    "start": "2023-12-26T14:17:37.880Z",
    "end": "2023-12-26T14:17:40.206Z",
    "duration": 2326,
    "testsRegistered": 3,
    "passPercent": 66.66666666666666,
    "pendingPercent": 0,
    "other": 0,
    "hasOther": false,
    "skipped": 0,
    "hasSkipped": false
  },
  "results": [
    {
      "uuid": "c36eb88e-742c-4520-ab96-9be77ab8e26b",
      "title": "",
      "fullFile": "cypress\\e2e\\API_TESTING\\pets\\addPet.cy.js",
      "file": "cypress\\e2e\\API_TESTING\\pets\\addPet.cy.js",
      "beforeHooks": [],
      "afterHooks": [],
      "tests": [],
      "suites": [
        {
          "uuid": "fc6e2292-7677-418d-8b1b-026b7ddb4bcc",
          "title": "Add a new pet to the store",
          "fullFile": "",
          "file": "",
          "beforeHooks": [],
          "afterHooks": [],
          "tests": [
            {
              "title": "/pet",
              "fullTitle": "Add a new pet to the store /pet",
              "timedOut": null,
              "duration": 1481,
              "state": "passed",
              "speed": "fast",
              "pass": true,
              "fail": false,
              "pending": false,
              "context": null,
              "code": "cy.fixture('200_application_json_application_json_addPet').then(fixtureResponse => {\n  requestInfo.headers = fixtureResponse.headers ? fixtureResponse.headers : '';\n  requestInfo.body = fixtureResponse.payload ? fixtureResponse.payload : '';\n  cy.request(requestInfo).then(response => {\n    expect(response.status).to.eq(parseInt(fixtureResponse.responseStatusCode));\n    if (fixtureResponse.responseSchema && fixtureResponse.responseSchema != '') {\n      const validate = ajv.compile(fixtureResponse.responseSchema);\n      const isValid = validate(response.body);\n      expect(isValid).to.be.true;\n    }\n  });\n});",
              "err": {},
              "uuid": "24938a80-1fbf-4b1c-a31f-bea51989e787",
              "parentUUID": "fc6e2292-7677-418d-8b1b-026b7ddb4bcc",
              "isHook": false,
              "skipped": false
            },
            {
              "title": "/pet",
              "fullTitle": "Add a new pet to the store /pet",
              "timedOut": null,
              "duration": 370,
              "state": "passed",
              "speed": "fast",
              "pass": true,
              "fail": false,
              "pending": false,
              "context": null,
              "code": "cy.fixture('200_application_xml_application_json_addPet').then(fixtureResponse => {\n  requestInfo.headers = fixtureResponse.headers ? fixtureResponse.headers : '';\n  requestInfo.body = fixtureResponse.payload ? fixtureResponse.payload : '';\n  cy.request(requestInfo).then(response => {\n    expect(response.status).to.eq(parseInt(fixtureResponse.responseStatusCode));\n    if (fixtureResponse.responseSchema && fixtureResponse.responseSchema != '') {\n      const validate = ajv.compile(fixtureResponse.responseSchema);\n      const isValid = validate(response.body);\n      expect(isValid).to.be.true;\n    }\n  });\n});",
              "err": {},
              "uuid": "3a29a04e-3d11-402d-a19c-eb13f32682bb",
              "parentUUID": "fc6e2292-7677-418d-8b1b-026b7ddb4bcc",
              "isHook": false,
              "skipped": false
            },
            {
              "title": "/pet",
              "fullTitle": "Add a new pet to the store /pet",
              "timedOut": null,
              "duration": 317,
              "state": "failed",
              "speed": null,
              "pass": false,
              "fail": true,
              "pending": false,
              "context": null,
              "code": "cy.fixture('400__application_json_addPet').then(fixtureResponse => {\n  requestInfo.headers = fixtureResponse.headers ? fixtureResponse.headers : '';\n  requestInfo.body = fixtureResponse.payload ? fixtureResponse.payload : '';\n  cy.request(requestInfo).then(response => {\n    expect(response.status).to.eq(parseInt(fixtureResponse.responseStatusCode));\n    if (fixtureResponse.responseSchema && fixtureResponse.responseSchema != '') {\n      const validate = ajv.compile(fixtureResponse.responseSchema);\n      const isValid = validate(response.body);\n      expect(isValid).to.be.true;\n    }\n  });\n});",
              "err": {
                "message": "AssertionError: expected 200 to equal 400",
                "estack": "AssertionError: expected 200 to equal 400\n    at Context.eval (webpack://cypress-test-4/./cypress/e2e/API_TESTING/pets/addPet.cy.js:73:43)",
                "diff": "- 200\n+ 400\n"
              },
              "uuid": "83702ff8-359d-4624-bf47-cad91a39ff7b",
              "parentUUID": "fc6e2292-7677-418d-8b1b-026b7ddb4bcc",
              "isHook": false,
              "skipped": false
            }
          ],
          "suites": [],
          "passes": [
            "24938a80-1fbf-4b1c-a31f-bea51989e787",
            "3a29a04e-3d11-402d-a19c-eb13f32682bb"
          ],
          "failures": [
            "83702ff8-359d-4624-bf47-cad91a39ff7b"
          ],
          "pending": [],
          "skipped": [],
          "duration": 2168,
          "root": false,
          "rootEmpty": false,
          "_timeout": 2000
        }
      ],
      "passes": [],
      "failures": [],
      "pending": [],
      "skipped": [],
      "duration": 0,
      "root": true,
      "rootEmpty": true,
      "_timeout": 2000
    }
  ],
  "meta": {
    "mocha": {
      "version": "7.0.1"
    },
    "mochawesome": {
      "options": {
        "quiet": false,
        "reportFilename": "mochawesome",
        "saveHtml": false,
        "saveJson": true,
        "consoleReporter": "spec",
        "useInlineDiffs": false,
        "code": true
      },
      "version": "7.1.3"
    },
    "marge": {
      "options": {
        "reportDir": "results",
        "overwrite": false,
        "html": false,
        "json": true
      },
      "version": "6.2.0"
    }
  }
}