{
  "stats": {
    "suites": 1,
    "tests": 1,
    "passes": 0,
    "pending": 0,
    "failures": 1,
    "start": "2023-12-26T15:09:32.385Z",
    "end": "2023-12-26T15:09:32.912Z",
    "duration": 527,
    "testsRegistered": 1,
    "passPercent": 0,
    "pendingPercent": 0,
    "other": 0,
    "hasOther": false,
    "skipped": 0,
    "hasSkipped": false
  },
  "results": [
    {
      "uuid": "2b9b0cd0-c3ca-4cb0-ba00-7e6c4264386e",
      "title": "",
      "fullFile": "cypress\\e2e\\API_TESTING\\stores\\placeOrder.cy.js",
      "file": "cypress\\e2e\\API_TESTING\\stores\\placeOrder.cy.js",
      "beforeHooks": [],
      "afterHooks": [],
      "tests": [],
      "suites": [
        {
          "uuid": "14e36cb7-c9c8-488e-84aa-7ce2e8f91068",
          "title": "Place an order for a pet",
          "fullFile": "",
          "file": "",
          "beforeHooks": [],
          "afterHooks": [],
          "tests": [
            {
              "title": "/store/order",
              "fullTitle": "Place an order for a pet /store/order",
              "timedOut": null,
              "duration": 417,
              "state": "failed",
              "speed": null,
              "pass": false,
              "fail": true,
              "pending": false,
              "context": null,
              "code": "cy.fixture('200_application_json_application_json_placeOrder').then(fixtureResponse => {\n  requestInfo.headers = fixtureResponse.headers ? fixtureResponse.headers : '';\n  requestInfo.body = fixtureResponse.payload ? fixtureResponse.payload : '';\n  cy.request(requestInfo).then(response => {\n    expect(response.status).to.eq(parseInt(fixtureResponse.responseStatusCode));\n    if (fixtureResponse.responseSchema && fixtureResponse.responseSchema != '') {\n      const validate = ajv.compile(fixtureResponse.responseSchema);\n      const isValid = validate(response.body);\n      expect(isValid).to.be.true;\n    }\n  });\n});",
              "err": {
                "message": "Error: strict mode: unknown keyword: \"xml\"",
                "estack": "Error: strict mode: unknown keyword: \"xml\"\n    at checkStrictMode (webpack://cypress-test-4/./node_modules/ajv/dist/compile/util.js:174:0)\n    at checkUnknownRules (webpack://cypress-test-4/./node_modules/ajv/dist/compile/util.js:32:0)\n    at checkKeywords (webpack://cypress-test-4/./node_modules/ajv/dist/compile/validate/index.js:120:0)\n    at validateFunctionCode (webpack://cypress-test-4/./node_modules/ajv/dist/compile/validate/index.js:19:0)\n    at Ajv.compileSchema (webpack://cypress-test-4/./node_modules/ajv/dist/compile/index.js:80:0)\n    at Ajv._compileSchemaEnv (webpack://cypress-test-4/./node_modules/ajv/dist/core.js:472:0)\n    at Ajv.compile (webpack://cypress-test-4/./node_modules/ajv/dist/core.js:159:0)\n    at Context.eval (webpack://cypress-test-4/./cypress/e2e/API_TESTING/stores/placeOrder.cy.js:27:45)",
                "diff": null
              },
              "uuid": "d6406c33-b2d0-445b-b7a0-5ab762ce62ce",
              "parentUUID": "14e36cb7-c9c8-488e-84aa-7ce2e8f91068",
              "isHook": false,
              "skipped": false
            }
          ],
          "suites": [],
          "passes": [],
          "failures": [
            "d6406c33-b2d0-445b-b7a0-5ab762ce62ce"
          ],
          "pending": [],
          "skipped": [],
          "duration": 417,
          "root": false,
          "rootEmpty": false,
          "_timeout": 2000
        }
      ],
      "passes": [],
      "failures": [],
      "pending": [],
      "skipped": [],
      "duration": 0,
      "root": true,
      "rootEmpty": true,
      "_timeout": 2000
    }
  ],
  "meta": {
    "mocha": {
      "version": "7.0.1"
    },
    "mochawesome": {
      "options": {
        "quiet": false,
        "reportFilename": "mochawesome",
        "saveHtml": false,
        "saveJson": true,
        "consoleReporter": "spec",
        "useInlineDiffs": false,
        "code": true
      },
      "version": "7.1.3"
    },
    "marge": {
      "options": {
        "reportDir": "results",
        "overwrite": false,
        "html": false,
        "json": true
      },
      "version": "6.2.0"
    }
  }
}