{
  "stats": {
    "suites": 1,
    "tests": 1,
    "passes": 0,
    "pending": 0,
    "failures": 1,
    "start": "2023-12-26T14:18:06.392Z",
    "end": "2023-12-26T14:18:06.968Z",
    "duration": 576,
    "testsRegistered": 1,
    "passPercent": 0,
    "pendingPercent": 0,
    "other": 0,
    "hasOther": false,
    "skipped": 0,
    "hasSkipped": false
  },
  "results": [
    {
      "uuid": "d088cccf-4f7d-429c-b94d-a9b78ca3bc50",
      "title": "",
      "fullFile": "cypress\\e2e\\API_TESTING\\pets\\updatePetWithForm.cy.js",
      "file": "cypress\\e2e\\API_TESTING\\pets\\updatePetWithForm.cy.js",
      "beforeHooks": [],
      "afterHooks": [],
      "tests": [],
      "suites": [
        {
          "uuid": "30c08e93-5d8e-4aa1-bfa8-c120924d8cd1",
          "title": "Updates a pet in the store with form data",
          "fullFile": "",
          "file": "",
          "beforeHooks": [],
          "afterHooks": [],
          "tests": [
            {
              "title": "/pet/{petId}",
              "fullTitle": "Updates a pet in the store with form data /pet/{petId}",
              "timedOut": null,
              "duration": 443,
              "state": "failed",
              "speed": null,
              "pass": false,
              "fail": true,
              "pending": false,
              "context": null,
              "code": "cy.fixture('201_application_json_application_json_updatePetWithForm').then(fixtureResponse => {\n  requestInfo.body = fixtureResponse.payload ? fixtureResponse.payload : '';\n  requestInfo.headers = fixtureResponse.headers ? fixtureResponse.headers : '';\n  let pathParams = fixtureResponse.pathParam ? fixtureResponse.pathParam : '';\n  for (const key in pathParams) {\n    if (pathParams.hasOwnProperty(key)) {\n      const placeholder = '{' + key + '}';\n      requestInfo.url = requestInfo.url.replace(new RegExp(placeholder, 'g'), pathParams[key]);\n    }\n  }\n  cy.request(requestInfo).then(response => {\n    expect(response.status).to.eq(parseInt(fixtureResponse.responseStatusCode));\n    if (fixtureResponse.responseSchema && fixtureResponse.responseSchema != '') {\n      const validate = ajv.compile(fixtureResponse.responseSchema);\n      const isValid = validate(response.body);\n      expect(isValid).to.be.true;\n    }\n  });\n});",
              "err": {
                "message": "CypressError: `cy.request()` failed on:\n\nhttps://petstore.swagger.io/v2/pet/1\n\nThe response we received from your web server was:\n\n  > 415: Unsupported Media Type\n\nThis was considered a failure because the status code was not `2xx` or `3xx`.\n\nIf you do not want status codes to cause failures pass the option: `failOnStatusCode: false`\n\n-----------------------------------------------------------\n\nThe request we sent was:\n\nMethod: POST\nURL: https://petstore.swagger.io/v2/pet/1\nHeaders: {\n  \"Connection\": \"keep-alive\",\n  \"Content-Type\": \"application/json\",\n  \"accept\": \"application/json\",\n  \"header\": \"\",\n  \"user-agent\": \"Mozilla/5.0 (Windows NT 10.0; Win64; x64) AppleWebKit/537.36 (KHTML, like Gecko) Cypress/13.6.1 Chrome/114.0.5735.289 Electron/25.8.4 Safari/537.36\",\n  \"accept-encoding\": \"gzip, deflate\",\n  \"content-length\": 0\n}\nBody: \n\n-----------------------------------------------------------\n\nThe response we got was:\n\nStatus: 415 - Unsupported Media Type\nHeaders: {\n  \"date\": \"Tue, 26 Dec 2023 14:18:06 GMT\",\n  \"content-type\": \"application/json\",\n  \"transfer-encoding\": \"chunked\",\n  \"connection\": \"keep-alive\",\n  \"access-control-allow-origin\": \"*\",\n  \"access-control-allow-methods\": \"GET, POST, DELETE, PUT\",\n  \"access-control-allow-headers\": \"Content-Type, api_key, Authorization\",\n  \"server\": \"Jetty(9.2.9.v20150224)\"\n}\nBody: {\n  \"code\": 415,\n  \"type\": \"unknown\"\n}\n\n\nhttps://on.cypress.io/request",
                "estack": "CypressError: `cy.request()` failed on:\n\nhttps://petstore.swagger.io/v2/pet/1\n\nThe response we received from your web server was:\n\n  > 415: Unsupported Media Type\n\nThis was considered a failure because the status code was not `2xx` or `3xx`.\n\nIf you do not want status codes to cause failures pass the option: `failOnStatusCode: false`\n\n-----------------------------------------------------------\n\nThe request we sent was:\n\nMethod: POST\nURL: https://petstore.swagger.io/v2/pet/1\nHeaders: {\n  \"Connection\": \"keep-alive\",\n  \"Content-Type\": \"application/json\",\n  \"accept\": \"application/json\",\n  \"header\": \"\",\n  \"user-agent\": \"Mozilla/5.0 (Windows NT 10.0; Win64; x64) AppleWebKit/537.36 (KHTML, like Gecko) Cypress/13.6.1 Chrome/114.0.5735.289 Electron/25.8.4 Safari/537.36\",\n  \"accept-encoding\": \"gzip, deflate\",\n  \"content-length\": 0\n}\nBody: \n\n-----------------------------------------------------------\n\nThe response we got was:\n\nStatus: 415 - Unsupported Media Type\nHeaders: {\n  \"date\": \"Tue, 26 Dec 2023 14:18:06 GMT\",\n  \"content-type\": \"application/json\",\n  \"transfer-encoding\": \"chunked\",\n  \"connection\": \"keep-alive\",\n  \"access-control-allow-origin\": \"*\",\n  \"access-control-allow-methods\": \"GET, POST, DELETE, PUT\",\n  \"access-control-allow-headers\": \"Content-Type, api_key, Authorization\",\n  \"server\": \"Jetty(9.2.9.v20150224)\"\n}\nBody: {\n  \"code\": 415,\n  \"type\": \"unknown\"\n}\n\n\nhttps://on.cypress.io/request\n    at <unknown> (http://localhost:49949/__cypress/runner/cypress_runner.js:133450:72)\n    at tryCatcher (http://localhost:49949/__cypress/runner/cypress_runner.js:1807:23)\n    at Promise._settlePromiseFromHandler (http://localhost:49949/__cypress/runner/cypress_runner.js:1519:31)\n    at Promise._settlePromise (http://localhost:49949/__cypress/runner/cypress_runner.js:1576:18)\n    at Promise._settlePromise0 (http://localhost:49949/__cypress/runner/cypress_runner.js:1621:10)\n    at Promise._settlePromises (http://localhost:49949/__cypress/runner/cypress_runner.js:1701:18)\n    at _drainQueueStep (http://localhost:49949/__cypress/runner/cypress_runner.js:2407:12)\n    at _drainQueue (http://localhost:49949/__cypress/runner/cypress_runner.js:2400:9)\n    at Async._drainQueues (http://localhost:49949/__cypress/runner/cypress_runner.js:2416:5)\n    at Async.drainQueues (http://localhost:49949/__cypress/runner/cypress_runner.js:2286:14)\nFrom Your Spec Code:\n    at Context.eval (webpack://cypress-test-4/./cypress/e2e/API_TESTING/pets/updatePetWithForm.cy.js:33:15)",
                "diff": null
              },
              "uuid": "64d2f020-a8fa-4696-85d7-67ed5a7ece4c",
              "parentUUID": "30c08e93-5d8e-4aa1-bfa8-c120924d8cd1",
              "isHook": false,
              "skipped": false
            }
          ],
          "suites": [],
          "passes": [],
          "failures": [
            "64d2f020-a8fa-4696-85d7-67ed5a7ece4c"
          ],
          "pending": [],
          "skipped": [],
          "duration": 443,
          "root": false,
          "rootEmpty": false,
          "_timeout": 2000
        }
      ],
      "passes": [],
      "failures": [],
      "pending": [],
      "skipped": [],
      "duration": 0,
      "root": true,
      "rootEmpty": true,
      "_timeout": 2000
    }
  ],
  "meta": {
    "mocha": {
      "version": "7.0.1"
    },
    "mochawesome": {
      "options": {
        "quiet": false,
        "reportFilename": "mochawesome",
        "saveHtml": false,
        "saveJson": true,
        "consoleReporter": "spec",
        "useInlineDiffs": false,
        "code": true
      },
      "version": "7.1.3"
    },
    "marge": {
      "options": {
        "reportDir": "results",
        "overwrite": false,
        "html": false,
        "json": true
      },
      "version": "6.2.0"
    }
  }
}