{
  "stats": {
    "suites": 1,
    "tests": 1,
    "passes": 1,
    "pending": 0,
    "failures": 0,
    "start": "2023-12-26T15:10:02.384Z",
    "end": "2023-12-26T15:10:02.810Z",
    "duration": 426,
    "testsRegistered": 1,
    "passPercent": 100,
    "pendingPercent": 0,
    "other": 0,
    "hasOther": false,
    "skipped": 0,
    "hasSkipped": false
  },
  "results": [
    {
      "uuid": "f8e36b89-0c1a-418d-a7bd-8234c343e27d",
      "title": "",
      "fullFile": "cypress\\e2e\\API_TESTING\\users\\logoutUser.cy.js",
      "file": "cypress\\e2e\\API_TESTING\\users\\logoutUser.cy.js",
      "beforeHooks": [],
      "afterHooks": [],
      "tests": [],
      "suites": [
        {
          "uuid": "5c2efbda-2a80-457c-b26d-26c1ffd56a9d",
          "title": "Logs out current logged in user session",
          "fullFile": "",
          "file": "",
          "beforeHooks": [],
          "afterHooks": [],
          "tests": [
            {
              "title": "/user/logout",
              "fullTitle": "Logs out current logged in user session /user/logout",
              "timedOut": null,
              "duration": 378,
              "state": "passed",
              "speed": "fast",
              "pass": true,
              "fail": false,
              "pending": false,
              "context": null,
              "code": "cy.fixture('200__logoutUser').then(fixtureResponse => {\n  requestInfo.headers = fixtureResponse.headers ? fixtureResponse.headers : '';\n  cy.request(requestInfo).then(response => {\n    expect(response.status).to.eq(parseInt(fixtureResponse.responseStatusCode));\n    if (fixtureResponse.responseSchema && fixtureResponse.responseSchema != '') {\n      const validate = ajv.compile(fixtureResponse.responseSchema);\n      const isValid = validate(response.body);\n      expect(isValid).to.be.true;\n    }\n  });\n});",
              "err": {},
              "uuid": "138409d1-3db0-49b1-bfda-45fa8efea2c0",
              "parentUUID": "5c2efbda-2a80-457c-b26d-26c1ffd56a9d",
              "isHook": false,
              "skipped": false
            }
          ],
          "suites": [],
          "passes": [
            "138409d1-3db0-49b1-bfda-45fa8efea2c0"
          ],
          "failures": [],
          "pending": [],
          "skipped": [],
          "duration": 378,
          "root": false,
          "rootEmpty": false,
          "_timeout": 2000
        }
      ],
      "passes": [],
      "failures": [],
      "pending": [],
      "skipped": [],
      "duration": 0,
      "root": true,
      "rootEmpty": true,
      "_timeout": 2000
    }
  ],
  "meta": {
    "mocha": {
      "version": "7.0.1"
    },
    "mochawesome": {
      "options": {
        "quiet": false,
        "reportFilename": "mochawesome",
        "saveHtml": false,
        "saveJson": true,
        "consoleReporter": "spec",
        "useInlineDiffs": false,
        "code": true
      },
      "version": "7.1.3"
    },
    "marge": {
      "options": {
        "reportDir": "results",
        "overwrite": false,
        "html": false,
        "json": true
      },
      "version": "6.2.0"
    }
  }
}