{
  "stats": {
    "suites": 1,
    "tests": 1,
    "passes": 0,
    "pending": 0,
    "failures": 1,
    "start": "2023-12-26T15:09:28.557Z",
    "end": "2023-12-26T15:09:29.057Z",
    "duration": 500,
    "testsRegistered": 1,
    "passPercent": 0,
    "pendingPercent": 0,
    "other": 0,
    "hasOther": false,
    "skipped": 0,
    "hasSkipped": false
  },
  "results": [
    {
      "uuid": "9e1b3725-e3a4-471a-86ea-ca7f0b16fa09",
      "title": "",
      "fullFile": "cypress\\e2e\\API_TESTING\\stores\\getOrderById.cy.js",
      "file": "cypress\\e2e\\API_TESTING\\stores\\getOrderById.cy.js",
      "beforeHooks": [],
      "afterHooks": [],
      "tests": [],
      "suites": [
        {
          "uuid": "acc22a1b-842c-49c6-8234-1dd4afa24319",
          "title": "Find purchase order by ID",
          "fullFile": "",
          "file": "",
          "beforeHooks": [],
          "afterHooks": [],
          "tests": [
            {
              "title": "For valid response try integer IDs with value >= 1 and <= 10. Other values will generated exceptions",
              "fullTitle": "Find purchase order by ID For valid response try integer IDs with value >= 1 and <= 10. Other values will generated exceptions",
              "timedOut": null,
              "duration": 312,
              "state": "failed",
              "speed": null,
              "pass": false,
              "fail": true,
              "pending": false,
              "context": null,
              "code": "cy.fixture('200_application_json__getOrderById').then(fixtureResponse => {\n  requestInfo.body = fixtureResponse.payload ? fixtureResponse.payload : '';\n  requestInfo.headers = fixtureResponse.headers ? fixtureResponse.headers : '';\n  requestInfo.qs = fixtureResponse.queryParam ? fixtureResponse.queryParam : '';\n  cy.request(requestInfo).then(response => {\n    expect(response.status).to.eq(parseInt(fixtureResponse.responseStatusCode));\n    if (fixtureResponse.responseSchema && fixtureResponse.responseSchema != '') {\n      const validate = ajv.compile(fixtureResponse.responseSchema);\n      const isValid = validate(response.body);\n      expect(isValid).to.be.true;\n    }\n  });\n});",
              "err": {
                "message": "CypressError: `cy.request()` failed on:\n\nhttps://petstore.swagger.io/v2/store/order/%7BorderId%7D?orderId=4\n\nThe response we received from your web server was:\n\n  > 404: Not Found\n\nThis was considered a failure because the status code was not `2xx` or `3xx`.\n\nIf you do not want status codes to cause failures pass the option: `failOnStatusCode: false`\n\n-----------------------------------------------------------\n\nThe request we sent was:\n\nMethod: GET\nURL: https://petstore.swagger.io/v2/store/order/%7BorderId%7D?orderId=4\nHeaders: {\n  \"Connection\": \"keep-alive\",\n  \"accept\": \"application/json\",\n  \"header\": \"\",\n  \"user-agent\": \"Mozilla/5.0 (Windows NT 10.0; Win64; x64) AppleWebKit/537.36 (KHTML, like Gecko) Cypress/13.6.1 Chrome/114.0.5735.289 Electron/25.8.4 Safari/537.36\",\n  \"accept-encoding\": \"gzip, deflate\"\n}\nBody: \n\n-----------------------------------------------------------\n\nThe response we got was:\n\nStatus: 404 - Not Found\nHeaders: {\n  \"date\": \"Tue, 26 Dec 2023 15:09:28 GMT\",\n  \"content-type\": \"application/json\",\n  \"transfer-encoding\": \"chunked\",\n  \"connection\": \"keep-alive\",\n  \"access-control-allow-origin\": \"*\",\n  \"access-control-allow-methods\": \"GET, POST, DELETE, PUT\",\n  \"access-control-allow-headers\": \"Content-Type, api_key, Authorization\",\n  \"server\": \"Jetty(9.2.9.v20150224)\"\n}\nBody: {\n  \"code\": 404,\n  \"type\": \"unknown\",\n  \"message\": \"java.lang.NumberFormatException: For input string: \\\"{orderId}\\\"\"\n}\n\n\nhttps://on.cypress.io/request",
                "estack": "CypressError: `cy.request()` failed on:\n\nhttps://petstore.swagger.io/v2/store/order/%7BorderId%7D?orderId=4\n\nThe response we received from your web server was:\n\n  > 404: Not Found\n\nThis was considered a failure because the status code was not `2xx` or `3xx`.\n\nIf you do not want status codes to cause failures pass the option: `failOnStatusCode: false`\n\n-----------------------------------------------------------\n\nThe request we sent was:\n\nMethod: GET\nURL: https://petstore.swagger.io/v2/store/order/%7BorderId%7D?orderId=4\nHeaders: {\n  \"Connection\": \"keep-alive\",\n  \"accept\": \"application/json\",\n  \"header\": \"\",\n  \"user-agent\": \"Mozilla/5.0 (Windows NT 10.0; Win64; x64) AppleWebKit/537.36 (KHTML, like Gecko) Cypress/13.6.1 Chrome/114.0.5735.289 Electron/25.8.4 Safari/537.36\",\n  \"accept-encoding\": \"gzip, deflate\"\n}\nBody: \n\n-----------------------------------------------------------\n\nThe response we got was:\n\nStatus: 404 - Not Found\nHeaders: {\n  \"date\": \"Tue, 26 Dec 2023 15:09:28 GMT\",\n  \"content-type\": \"application/json\",\n  \"transfer-encoding\": \"chunked\",\n  \"connection\": \"keep-alive\",\n  \"access-control-allow-origin\": \"*\",\n  \"access-control-allow-methods\": \"GET, POST, DELETE, PUT\",\n  \"access-control-allow-headers\": \"Content-Type, api_key, Authorization\",\n  \"server\": \"Jetty(9.2.9.v20150224)\"\n}\nBody: {\n  \"code\": 404,\n  \"type\": \"unknown\",\n  \"message\": \"java.lang.NumberFormatException: For input string: \\\"{orderId}\\\"\"\n}\n\n\nhttps://on.cypress.io/request\n    at <unknown> (http://localhost:53272/__cypress/runner/cypress_runner.js:133450:72)\n    at tryCatcher (http://localhost:53272/__cypress/runner/cypress_runner.js:1807:23)\n    at Promise._settlePromiseFromHandler (http://localhost:53272/__cypress/runner/cypress_runner.js:1519:31)\n    at Promise._settlePromise (http://localhost:53272/__cypress/runner/cypress_runner.js:1576:18)\n    at Promise._settlePromise0 (http://localhost:53272/__cypress/runner/cypress_runner.js:1621:10)\n    at Promise._settlePromises (http://localhost:53272/__cypress/runner/cypress_runner.js:1701:18)\n    at _drainQueueStep (http://localhost:53272/__cypress/runner/cypress_runner.js:2407:12)\n    at _drainQueue (http://localhost:53272/__cypress/runner/cypress_runner.js:2400:9)\n    at Async._drainQueues (http://localhost:53272/__cypress/runner/cypress_runner.js:2416:5)\n    at Async.drainQueues (http://localhost:53272/__cypress/runner/cypress_runner.js:2286:14)\nFrom Your Spec Code:\n    at Context.eval (webpack://cypress-test-4/./cypress/e2e/API_TESTING/stores/getOrderById.cy.js:24:19)",
                "diff": null
              },
              "uuid": "80707f53-2246-4372-8bef-2b93125e6421",
              "parentUUID": "acc22a1b-842c-49c6-8234-1dd4afa24319",
              "isHook": false,
              "skipped": false
            }
          ],
          "suites": [],
          "passes": [],
          "failures": [
            "80707f53-2246-4372-8bef-2b93125e6421"
          ],
          "pending": [],
          "skipped": [],
          "duration": 312,
          "root": false,
          "rootEmpty": false,
          "_timeout": 2000
        }
      ],
      "passes": [],
      "failures": [],
      "pending": [],
      "skipped": [],
      "duration": 0,
      "root": true,
      "rootEmpty": true,
      "_timeout": 2000
    }
  ],
  "meta": {
    "mocha": {
      "version": "7.0.1"
    },
    "mochawesome": {
      "options": {
        "quiet": false,
        "reportFilename": "mochawesome",
        "saveHtml": false,
        "saveJson": true,
        "consoleReporter": "spec",
        "useInlineDiffs": false,
        "code": true
      },
      "version": "7.1.3"
    },
    "marge": {
      "options": {
        "reportDir": "results",
        "overwrite": false,
        "html": false,
        "json": true
      },
      "version": "6.2.0"
    }
  }
}