{
  "stats": {
    "suites": 1,
    "tests": 1,
    "passes": 1,
    "pending": 0,
    "failures": 0,
    "start": "2023-12-26T14:19:04.942Z",
    "end": "2023-12-26T14:19:05.373Z",
    "duration": 431,
    "testsRegistered": 1,
    "passPercent": 100,
    "pendingPercent": 0,
    "other": 0,
    "hasOther": false,
    "skipped": 0,
    "hasSkipped": false
  },
  "results": [
    {
      "uuid": "20267909-dfcf-4aa8-9bbd-b258f4c1d871",
      "title": "",
      "fullFile": "cypress\\e2e\\API_TESTING\\users\\updateUser.cy.js",
      "file": "cypress\\e2e\\API_TESTING\\users\\updateUser.cy.js",
      "beforeHooks": [],
      "afterHooks": [],
      "tests": [],
      "suites": [
        {
          "uuid": "9bfc3b73-2325-453a-b959-8ced623884f5",
          "title": "Updated user",
          "fullFile": "",
          "file": "",
          "beforeHooks": [],
          "afterHooks": [],
          "tests": [
            {
              "title": "This can only be done by the logged in user.",
              "fullTitle": "Updated user This can only be done by the logged in user.",
              "timedOut": null,
              "duration": 358,
              "state": "passed",
              "speed": "fast",
              "pass": true,
              "fail": false,
              "pending": false,
              "context": null,
              "code": "cy.fixture('200_application_json_application_json_updateUser').then(fixtureResponse => {\n  requestInfo.body = fixtureResponse.payload ? fixtureResponse.payload : '';\n  requestInfo.headers = fixtureResponse.headers ? fixtureResponse.headers : '';\n  let pathParams = fixtureResponse.pathParam ? fixtureResponse.pathParam : '';\n  for (const key in pathParams) {\n    if (pathParams.hasOwnProperty(key)) {\n      const placeholder = '{' + key + '}';\n      requestInfo.url = requestInfo.url.replace(new RegExp(placeholder, 'g'), pathParams[key]);\n    }\n  }\n  cy.request(requestInfo).then(response => {\n    expect(response.status).to.eq(parseInt(fixtureResponse.responseStatusCode));\n    if (fixtureResponse.responseSchema && fixtureResponse.responseSchema != '') {\n      const validate = ajv.compile(fixtureResponse.responseSchema);\n      const isValid = validate(response.body);\n      expect(isValid).to.be.true;\n    }\n  });\n});",
              "err": {},
              "uuid": "5e923709-f6c7-40f5-8a29-2591a8b824ad",
              "parentUUID": "9bfc3b73-2325-453a-b959-8ced623884f5",
              "isHook": false,
              "skipped": false
            }
          ],
          "suites": [],
          "passes": [
            "5e923709-f6c7-40f5-8a29-2591a8b824ad"
          ],
          "failures": [],
          "pending": [],
          "skipped": [],
          "duration": 358,
          "root": false,
          "rootEmpty": false,
          "_timeout": 2000
        }
      ],
      "passes": [],
      "failures": [],
      "pending": [],
      "skipped": [],
      "duration": 0,
      "root": true,
      "rootEmpty": true,
      "_timeout": 2000
    }
  ],
  "meta": {
    "mocha": {
      "version": "7.0.1"
    },
    "mochawesome": {
      "options": {
        "quiet": false,
        "reportFilename": "mochawesome",
        "saveHtml": false,
        "saveJson": true,
        "consoleReporter": "spec",
        "useInlineDiffs": false,
        "code": true
      },
      "version": "7.1.3"
    },
    "marge": {
      "options": {
        "reportDir": "results",
        "overwrite": false,
        "html": false,
        "json": true
      },
      "version": "6.2.0"
    }
  }
}