{
  "stats": {
    "suites": 1,
    "tests": 1,
    "passes": 0,
    "pending": 0,
    "failures": 1,
    "start": "2023-12-26T14:18:13.964Z",
    "end": "2023-12-26T14:18:14.562Z",
    "duration": 598,
    "testsRegistered": 1,
    "passPercent": 0,
    "pendingPercent": 0,
    "other": 0,
    "hasOther": false,
    "skipped": 0,
    "hasSkipped": false
  },
  "results": [
    {
      "uuid": "1e3f1fa2-177c-4b16-859b-74418f93adc3",
      "title": "",
      "fullFile": "cypress\\e2e\\API_TESTING\\stores\\getInventory.cy.js",
      "file": "cypress\\e2e\\API_TESTING\\stores\\getInventory.cy.js",
      "beforeHooks": [],
      "afterHooks": [],
      "tests": [],
      "suites": [
        {
          "uuid": "ae18f725-7e2a-4774-be0b-63593133df19",
          "title": "Returns pet inventories by status",
          "fullFile": "",
          "file": "",
          "beforeHooks": [],
          "afterHooks": [],
          "tests": [
            {
              "title": "Returns a map of status codes to quantities",
              "fullTitle": "Returns pet inventories by status Returns a map of status codes to quantities",
              "timedOut": null,
              "duration": 485,
              "state": "failed",
              "speed": null,
              "pass": false,
              "fail": true,
              "pending": false,
              "context": null,
              "code": "cy.fixture('200__getInventory').then(fixtureResponse => {\n  requestInfo.headers = fixtureResponse.headers ? fixtureResponse.headers : '';\n  cy.request(requestInfo).then(response => {\n    expect(response.status).to.eq(parseInt(fixtureResponse.responseStatusCode));\n    if (fixtureResponse.responseSchema && fixtureResponse.responseSchema != '') {\n      const validate = ajv.compile(fixtureResponse.responseSchema);\n      const isValid = validate(response.body);\n      expect(isValid).to.be.true;\n    }\n  });\n});",
              "err": {
                "message": "Error: unknown format \"int32\" ignored in schema at path \"#/additionalProperties\"",
                "estack": "Error: unknown format \"int32\" ignored in schema at path \"#/additionalProperties\"\n    at unknownFormat (webpack://cypress-test-4/./node_modules/ajv/dist/vocabularies/format/format.js:63:0)\n    at validateFormat (webpack://cypress-test-4/./node_modules/ajv/dist/vocabularies/format/format.js:50:0)\n    at Object.code (webpack://cypress-test-4/./node_modules/ajv/dist/vocabularies/format/format.js:22:0)\n    at keywordCode (webpack://cypress-test-4/./node_modules/ajv/dist/compile/validate/index.js:464:0)\n    at eval (webpack://cypress-test-4/./node_modules/ajv/dist/compile/validate/index.js:222:0)\n    at CodeGen.code (webpack://cypress-test-4/./node_modules/ajv/dist/compile/codegen/index.js:439:0)\n    at CodeGen.block (webpack://cypress-test-4/./node_modules/ajv/dist/compile/codegen/index.js:568:0)\n    at iterateKeywords (webpack://cypress-test-4/./node_modules/ajv/dist/compile/validate/index.js:219:0)\n    at groupKeywords (webpack://cypress-test-4/./node_modules/ajv/dist/compile/validate/index.js:200:0)\n    at eval (webpack://cypress-test-4/./node_modules/ajv/dist/compile/validate/index.js:192:0)",
                "diff": null
              },
              "uuid": "6a19c1bf-39e7-4665-9230-af5e68319724",
              "parentUUID": "ae18f725-7e2a-4774-be0b-63593133df19",
              "isHook": false,
              "skipped": false
            }
          ],
          "suites": [],
          "passes": [],
          "failures": [
            "6a19c1bf-39e7-4665-9230-af5e68319724"
          ],
          "pending": [],
          "skipped": [],
          "duration": 485,
          "root": false,
          "rootEmpty": false,
          "_timeout": 2000
        }
      ],
      "passes": [],
      "failures": [],
      "pending": [],
      "skipped": [],
      "duration": 0,
      "root": true,
      "rootEmpty": true,
      "_timeout": 2000
    }
  ],
  "meta": {
    "mocha": {
      "version": "7.0.1"
    },
    "mochawesome": {
      "options": {
        "quiet": false,
        "reportFilename": "mochawesome",
        "saveHtml": false,
        "saveJson": true,
        "consoleReporter": "spec",
        "useInlineDiffs": false,
        "code": true
      },
      "version": "7.1.3"
    },
    "marge": {
      "options": {
        "reportDir": "results",
        "overwrite": false,
        "html": false,
        "json": true
      },
      "version": "6.2.0"
    }
  }
}