{
  "stats": {
    "suites": 1,
    "tests": 1,
    "passes": 0,
    "pending": 0,
    "failures": 1,
    "start": "2023-12-26T14:18:37.262Z",
    "end": "2023-12-26T14:18:37.892Z",
    "duration": 630,
    "testsRegistered": 1,
    "passPercent": 0,
    "pendingPercent": 0,
    "other": 0,
    "hasOther": false,
    "skipped": 0,
    "hasSkipped": false
  },
  "results": [
    {
      "uuid": "e4e49c5b-a75d-4ac5-87c7-6c4776b0fee0",
      "title": "",
      "fullFile": "cypress\\e2e\\API_TESTING\\users\\createUsersWithListInput.cy.js",
      "file": "cypress\\e2e\\API_TESTING\\users\\createUsersWithListInput.cy.js",
      "beforeHooks": [],
      "afterHooks": [],
      "tests": [],
      "suites": [
        {
          "uuid": "b6ffa4a8-f224-44e5-a97f-d28286b45aff",
          "title": "Creates list of users with given input array",
          "fullFile": "",
          "file": "",
          "beforeHooks": [],
          "afterHooks": [],
          "tests": [
            {
              "title": "/user/createWithList",
              "fullTitle": "Creates list of users with given input array /user/createWithList",
              "timedOut": null,
              "duration": 393,
              "state": "failed",
              "speed": null,
              "pass": false,
              "fail": true,
              "pending": false,
              "context": null,
              "code": "cy.fixture('200_applciation_json_application_json_createUsersWithListInput').then(fixtureResponse => {\n  requestInfo.headers = fixtureResponse.headers ? fixtureResponse.headers : '';\n  requestInfo.body = fixtureResponse.payload ? fixtureResponse.payload : '';\n  cy.request(requestInfo).then(response => {\n    expect(response.status).to.eq(parseInt(fixtureResponse.responseStatusCode));\n    if (fixtureResponse.responseSchema && fixtureResponse.responseSchema != '') {\n      const validate = ajv.compile(fixtureResponse.responseSchema);\n      const isValid = validate(response.body);\n      expect(isValid).to.be.true;\n    }\n  });\n});",
              "err": {
                "message": "CypressError: `cy.request()` failed on:\n\nhttps://petstore.swagger.io/v2/user/createWithList\n\nThe response we received from your web server was:\n\n  > 406: Not Acceptable\n\nThis was considered a failure because the status code was not `2xx` or `3xx`.\n\nIf you do not want status codes to cause failures pass the option: `failOnStatusCode: false`\n\n-----------------------------------------------------------\n\nThe request we sent was:\n\nMethod: POST\nURL: https://petstore.swagger.io/v2/user/createWithList\nHeaders: {\n  \"Connection\": \"keep-alive\",\n  \"Content-Type\": \"application/json\",\n  \"accept\": \"applciation/json\",\n  \"user-agent\": \"Mozilla/5.0 (Windows NT 10.0; Win64; x64) AppleWebKit/537.36 (KHTML, like Gecko) Cypress/13.6.1 Chrome/114.0.5735.289 Electron/25.8.4 Safari/537.36\",\n  \"accept-encoding\": \"gzip, deflate\",\n  \"content-length\": 154\n}\nBody: [{\"id\":1,\"usrename\":\"shivasai123\",\"firstName\":\"shivasai\",\"lastName\":\"mandepally\",\"email\":\"shivasai@gmail.com\",\"password\":\"shiva1213\",\"phone\":89277499209}]\n\n-----------------------------------------------------------\n\nThe response we got was:\n\nStatus: 406 - Not Acceptable\nHeaders: {\n  \"date\": \"Tue, 26 Dec 2023 14:18:37 GMT\",\n  \"content-type\": \"applciation/json\",\n  \"transfer-encoding\": \"chunked\",\n  \"connection\": \"keep-alive\",\n  \"access-control-allow-origin\": \"*\",\n  \"access-control-allow-methods\": \"GET, POST, DELETE, PUT\",\n  \"access-control-allow-headers\": \"Content-Type, api_key, Authorization\",\n  \"server\": \"Jetty(9.2.9.v20150224)\"\n}\nBody: {\n  \"code\": 406,\n  \"type\": \"unknown\",\n  \"message\": null\n}\n\n\nhttps://on.cypress.io/request",
                "estack": "CypressError: `cy.request()` failed on:\n\nhttps://petstore.swagger.io/v2/user/createWithList\n\nThe response we received from your web server was:\n\n  > 406: Not Acceptable\n\nThis was considered a failure because the status code was not `2xx` or `3xx`.\n\nIf you do not want status codes to cause failures pass the option: `failOnStatusCode: false`\n\n-----------------------------------------------------------\n\nThe request we sent was:\n\nMethod: POST\nURL: https://petstore.swagger.io/v2/user/createWithList\nHeaders: {\n  \"Connection\": \"keep-alive\",\n  \"Content-Type\": \"application/json\",\n  \"accept\": \"applciation/json\",\n  \"user-agent\": \"Mozilla/5.0 (Windows NT 10.0; Win64; x64) AppleWebKit/537.36 (KHTML, like Gecko) Cypress/13.6.1 Chrome/114.0.5735.289 Electron/25.8.4 Safari/537.36\",\n  \"accept-encoding\": \"gzip, deflate\",\n  \"content-length\": 154\n}\nBody: [{\"id\":1,\"usrename\":\"shivasai123\",\"firstName\":\"shivasai\",\"lastName\":\"mandepally\",\"email\":\"shivasai@gmail.com\",\"password\":\"shiva1213\",\"phone\":89277499209}]\n\n-----------------------------------------------------------\n\nThe response we got was:\n\nStatus: 406 - Not Acceptable\nHeaders: {\n  \"date\": \"Tue, 26 Dec 2023 14:18:37 GMT\",\n  \"content-type\": \"applciation/json\",\n  \"transfer-encoding\": \"chunked\",\n  \"connection\": \"keep-alive\",\n  \"access-control-allow-origin\": \"*\",\n  \"access-control-allow-methods\": \"GET, POST, DELETE, PUT\",\n  \"access-control-allow-headers\": \"Content-Type, api_key, Authorization\",\n  \"server\": \"Jetty(9.2.9.v20150224)\"\n}\nBody: {\n  \"code\": 406,\n  \"type\": \"unknown\",\n  \"message\": null\n}\n\n\nhttps://on.cypress.io/request\n    at <unknown> (http://localhost:49949/__cypress/runner/cypress_runner.js:133450:72)\n    at tryCatcher (http://localhost:49949/__cypress/runner/cypress_runner.js:1807:23)\n    at Promise._settlePromiseFromHandler (http://localhost:49949/__cypress/runner/cypress_runner.js:1519:31)\n    at Promise._settlePromise (http://localhost:49949/__cypress/runner/cypress_runner.js:1576:18)\n    at Promise._settlePromise0 (http://localhost:49949/__cypress/runner/cypress_runner.js:1621:10)\n    at Promise._settlePromises (http://localhost:49949/__cypress/runner/cypress_runner.js:1701:18)\n    at _drainQueueStep (http://localhost:49949/__cypress/runner/cypress_runner.js:2407:12)\n    at _drainQueue (http://localhost:49949/__cypress/runner/cypress_runner.js:2400:9)\n    at Async._drainQueues (http://localhost:49949/__cypress/runner/cypress_runner.js:2416:5)\n    at Async.drainQueues (http://localhost:49949/__cypress/runner/cypress_runner.js:2286:14)\nFrom Your Spec Code:\n    at Context.eval (webpack://cypress-test-4/./cypress/e2e/API_TESTING/users/createUsersWithListInput.cy.js:20:15)",
                "diff": null
              },
              "uuid": "70f025e5-7ce9-485c-b614-740e119aaca8",
              "parentUUID": "b6ffa4a8-f224-44e5-a97f-d28286b45aff",
              "isHook": false,
              "skipped": false
            }
          ],
          "suites": [],
          "passes": [],
          "failures": [
            "70f025e5-7ce9-485c-b614-740e119aaca8"
          ],
          "pending": [],
          "skipped": [],
          "duration": 393,
          "root": false,
          "rootEmpty": false,
          "_timeout": 2000
        }
      ],
      "passes": [],
      "failures": [],
      "pending": [],
      "skipped": [],
      "duration": 0,
      "root": true,
      "rootEmpty": true,
      "_timeout": 2000
    }
  ],
  "meta": {
    "mocha": {
      "version": "7.0.1"
    },
    "mochawesome": {
      "options": {
        "quiet": false,
        "reportFilename": "mochawesome",
        "saveHtml": false,
        "saveJson": true,
        "consoleReporter": "spec",
        "useInlineDiffs": false,
        "code": true
      },
      "version": "7.1.3"
    },
    "marge": {
      "options": {
        "reportDir": "results",
        "overwrite": false,
        "html": false,
        "json": true
      },
      "version": "6.2.0"
    }
  }
}